<?xml version="1.0" encoding="UTF-8"?>
<testng-results ignored="0" total="8" passed="8" failed="0" skipped="0">
  <reporter-output>
  </reporter-output>
  <suite started-at="2026-03-30T11:50:35 IST" name="Default suite" finished-at="2026-03-30T11:50:55 IST" duration-ms="19988">
    <groups>
    </groups>
    <test started-at="2026-03-30T11:50:35 IST" name="Default test" finished-at="2026-03-30T11:50:55 IST" duration-ms="19988">
      <class name="tests.UserTests">
        <test-method is-config="true" signature="setup()[pri:0, instance:tests.UserTests@702657cc]" started-at="2026-03-30T11:50:35 IST" name="setup" finished-at="2026-03-30T11:50:36 IST" duration-ms="1120" status="PASS">
          <reporter-output>
          </reporter-output>
        </test-method> <!-- setup -->
        <test-method signature="createUser()[pri:0, instance:tests.UserTests@702657cc]" started-at="2026-03-30T11:50:36 IST" name="createUser" finished-at="2026-03-30T11:50:42 IST" duration-ms="6051" status="PASS">
          <reporter-output>
          </reporter-output>
        </test-method> <!-- createUser -->
        <test-method signature="createUsersWithArray()[pri:0, instance:tests.UserTests@702657cc]" started-at="2026-03-30T11:50:42 IST" name="createUsersWithArray" finished-at="2026-03-30T11:50:44 IST" duration-ms="1635" status="PASS">
          <reporter-output>
          </reporter-output>
        </test-method> <!-- createUsersWithArray -->
        <test-method signature="createUsersWithList()[pri:0, instance:tests.UserTests@702657cc]" started-at="2026-03-30T11:50:44 IST" name="createUsersWithList" finished-at="2026-03-30T11:50:45 IST" duration-ms="1595" status="PASS">
          <reporter-output>
          </reporter-output>
        </test-method> <!-- createUsersWithList -->
        <test-method signature="getUser()[pri:0, instance:tests.UserTests@702657cc]" started-at="2026-03-30T11:50:45 IST" name="getUser" finished-at="2026-03-30T11:50:48 IST" depends-on-methods="tests.UserTests.createUser" duration-ms="3006" status="PASS">
          <reporter-output>
          </reporter-output>
        </test-method> <!-- getUser -->
        <test-method signature="loginUser()[pri:0, instance:tests.UserTests@702657cc]" started-at="2026-03-30T11:50:49 IST" name="loginUser" finished-at="2026-03-30T11:50:50 IST" depends-on-methods="tests.UserTests.createUser" duration-ms="1622" status="PASS">
          <reporter-output>
          </reporter-output>
        </test-method> <!-- loginUser -->
        <test-method signature="logoutUser()[pri:0, instance:tests.UserTests@702657cc]" started-at="2026-03-30T11:50:50 IST" name="logoutUser" finished-at="2026-03-30T11:50:52 IST" depends-on-methods="tests.UserTests.loginUser" duration-ms="1580" status="PASS">
          <reporter-output>
          </reporter-output>
        </test-method> <!-- logoutUser -->
        <test-method signature="updateUser()[pri:0, instance:tests.UserTests@702657cc]" started-at="2026-03-30T11:50:52 IST" name="updateUser" finished-at="2026-03-30T11:50:53 IST" depends-on-methods="tests.UserTests.getUser" duration-ms="1577" status="PASS">
          <reporter-output>
          </reporter-output>
        </test-method> <!-- updateUser -->
        <test-method signature="deleteUser()[pri:0, instance:tests.UserTests@702657cc]" started-at="2026-03-30T11:50:53 IST" name="deleteUser" finished-at="2026-03-30T11:50:55 IST" depends-on-methods="tests.UserTests.updateUser" duration-ms="1530" status="PASS">
          <reporter-output>
          </reporter-output>
        </test-method> <!-- deleteUser -->
      </class> <!-- tests.UserTests -->
    </test> <!-- Default test -->
  </suite> <!-- Default suite -->
</testng-results>
