<?xml version="1.0" encoding="UTF-8"?>
<!-- Generated by org.testng.reporters.JUnitReportReporter -->
<testsuite hostname="DESKTOP-QQNR5A8" failures="0" tests="5" name="runner.PnrTestRunner" time="513.628" errors="0" timestamp="2026-03-28T11:11:54 IST" skipped="0">
  <testcase classname="runner.PnrTestRunner" name="runScenario" time="101.447"/>
  <testcase classname="runner.PnrTestRunner" name="runScenario" time="102.611"/>
  <testcase classname="runner.PnrTestRunner" name="runScenario" time="105.343"/>
  <testcase classname="runner.PnrTestRunner" name="runScenario" time="101.625"/>
  <testcase classname="runner.PnrTestRunner" name="runScenario" time="102.602"/>
</testsuite> <!-- runner.PnrTestRunner -->
