<?xml version="1.0" encoding="UTF-8"?>
<!-- Generated by org.testng.reporters.JUnitReportReporter -->
<testsuite hostname="DESKTOP-QQNR5A8" failures="0" tests="7" name="runner.TestRunner" time="167.629" errors="0" timestamp="2026-03-25T21:15:07 IST" skipped="0">
  <testcase classname="runner.TestRunner" name="runScenario" time="17.848"/>
  <testcase classname="runner.TestRunner" name="runScenario" time="19.591"/>
  <testcase classname="runner.TestRunner" name="runScenario" time="30.718"/>
  <testcase classname="runner.TestRunner" name="runScenario" time="15.486"/>
  <testcase classname="runner.TestRunner" name="runScenario" time="41.860"/>
  <testcase classname="runner.TestRunner" name="runScenario" time="26.596"/>
  <testcase classname="runner.TestRunner" name="runScenario" time="15.530"/>
</testsuite> <!-- runner.TestRunner -->
