<?xml version="1.0" encoding="UTF-8"?>
<!-- Generated by org.testng.reporters.JUnitReportReporter -->
<testsuite hostname="DESKTOP-QQNR5A8" failures="0" tests="6" name="runner.SearchTestRunner" time="923.879" errors="0" timestamp="2026-03-26T11:47:59 IST" skipped="0">
  <testcase classname="runner.SearchTestRunner" name="runScenario" time="153.890"/>
  <testcase classname="runner.SearchTestRunner" name="runScenario" time="154.184"/>
  <testcase classname="runner.SearchTestRunner" name="runScenario" time="154.980"/>
  <testcase classname="runner.SearchTestRunner" name="runScenario" time="152.217"/>
  <testcase classname="runner.SearchTestRunner" name="runScenario" time="154.425"/>
  <testcase classname="runner.SearchTestRunner" name="runScenario" time="154.183"/>
</testsuite> <!-- runner.SearchTestRunner -->
