<?xml version="1.0" encoding="UTF-8"?>
<!-- Generated by org.testng.reporters.JUnitReportReporter -->
<testsuite hostname="DESKTOP-QQNR5A8" failures="0" tests="6" name="runner.SearchTestRunner" time="886.960" errors="0" timestamp="2026-03-28T10:33:42 IST" skipped="0">
  <testcase classname="runner.SearchTestRunner" name="runScenario" time="146.157"/>
  <testcase classname="runner.SearchTestRunner" name="runScenario" time="148.346"/>
  <testcase classname="runner.SearchTestRunner" name="runScenario" time="148.591"/>
  <testcase classname="runner.SearchTestRunner" name="runScenario" time="147.710"/>
  <testcase classname="runner.SearchTestRunner" name="runScenario" time="147.707"/>
  <testcase classname="runner.SearchTestRunner" name="runScenario" time="148.449"/>
</testsuite> <!-- runner.SearchTestRunner -->
