<?xml version="1.0" encoding="UTF-8"?>
<!-- Generated by org.testng.reporters.JUnitXMLReporter -->
<testsuite ignored="0" hostname="RITAM2003" failures="0" tests="4" name="Default test" time="10.168" errors="0" timestamp="2026-03-30T15:44:58 IST">
  <testcase classname="petstore.tests.StoreTests" name="testPlaceOrder" time="4.736"/>
  <testcase classname="petstore.tests.StoreTests" name="testGetOrderById" time="1.643"/>
  <testcase classname="petstore.tests.StoreTests" name="testGetInventory" time="1.604"/>
  <testcase classname="petstore.tests.StoreTests" name="testDeleteOrder" time="1.417"/>
</testsuite> <!-- Default test -->
