<?xml version="1.0" encoding="UTF-8"?>
<testng-results ignored="0" total="12" passed="12" failed="0" skipped="0">
  <reporter-output>
  </reporter-output>
  <suite started-at="2026-03-31T13:10:16 IST" name="Petstore Suite" finished-at="2026-03-31T13:10:44 IST" duration-ms="27923">
    <groups>
    </groups>
    <test started-at="2026-03-31T13:10:16 IST" name="UserTests" finished-at="2026-03-31T13:10:44 IST" duration-ms="27923">
      <class name="petstore.tests.UserTestsAP">
        <test-method is-config="true" signature="globalSetup()[pri:0, instance:petstore.tests.UserTestsAP@4d0d9fe7]" started-at="2026-03-31T13:10:16 IST" name="globalSetup" finished-at="2026-03-31T13:10:16 IST" duration-ms="756" status="PASS">
          <reporter-output>
          </reporter-output>
        </test-method> <!-- globalSetup -->
        <test-method is-config="true" signature="setUp()[pri:0, instance:petstore.tests.UserTestsAP@4d0d9fe7]" started-at="2026-03-31T13:10:17 IST" name="setUp" finished-at="2026-03-31T13:10:17 IST" duration-ms="12" status="PASS">
          <reporter-output>
          </reporter-output>
        </test-method> <!-- setUp -->
        <test-method signature="tc07_getUserByName_notFound()[pri:0, instance:petstore.tests.UserTestsAP@4d0d9fe7]" started-at="2026-03-31T13:10:17 IST" name="tc07_getUserByName_notFound" finished-at="2026-03-31T13:10:20 IST" duration-ms="3428" status="PASS">
          <reporter-output>
          </reporter-output>
        </test-method> <!-- tc07_getUserByName_notFound -->
        <test-method signature="tc01_createUser()[pri:1, instance:petstore.tests.UserTestsAP@4d0d9fe7]" started-at="2026-03-31T13:10:20 IST" name="tc01_createUser" description="TC01 - Create a single user via POST /user" finished-at="2026-03-31T13:10:23 IST" duration-ms="3212" status="PASS">
          <reporter-output>
          </reporter-output>
        </test-method> <!-- tc01_createUser -->
        <test-method signature="tc02_createUsersWithArray()[pri:2, instance:petstore.tests.UserTestsAP@4d0d9fe7]" started-at="2026-03-31T13:10:23 IST" name="tc02_createUsersWithArray" description="TC02 - Create multiple users with array" finished-at="2026-03-31T13:10:25 IST" duration-ms="1690" status="PASS">
          <reporter-output>
          </reporter-output>
        </test-method> <!-- tc02_createUsersWithArray -->
        <test-method signature="tc03_createUsersWithList()[pri:3, instance:petstore.tests.UserTestsAP@4d0d9fe7]" started-at="2026-03-31T13:10:25 IST" name="tc03_createUsersWithList" description="TC03 - Create multiple users with list" finished-at="2026-03-31T13:10:27 IST" duration-ms="1666" status="PASS">
          <reporter-output>
          </reporter-output>
        </test-method> <!-- tc03_createUsersWithList -->
        <test-method signature="tc04_loginUser_validCredentials()[pri:4, instance:petstore.tests.UserTestsAP@4d0d9fe7]" started-at="2026-03-31T13:10:27 IST" name="tc04_loginUser_validCredentials" description="TC04 - Login with valid credentials" finished-at="2026-03-31T13:10:29 IST" depends-on-methods="petstore.tests.UserTestsAP.tc01_createUser" duration-ms="1817" status="PASS">
          <reporter-output>
          </reporter-output>
        </test-method> <!-- tc04_loginUser_validCredentials -->
        <test-method signature="tc05_loginUser_invalidCredentials()[pri:5, instance:petstore.tests.UserTestsAP@4d0d9fe7]" started-at="2026-03-31T13:10:29 IST" name="tc05_loginUser_invalidCredentials" description="TC05 - Login with invalid credentials" finished-at="2026-03-31T13:10:30 IST" duration-ms="1503" status="PASS">
          <reporter-output>
          </reporter-output>
        </test-method> <!-- tc05_loginUser_invalidCredentials -->
        <test-method signature="tc06_getUserByName_exists()[pri:6, instance:petstore.tests.UserTestsAP@4d0d9fe7]" started-at="2026-03-31T13:10:30 IST" name="tc06_getUserByName_exists" description="TC06 - Get user by valid username" finished-at="2026-03-31T13:10:33 IST" depends-on-methods="petstore.tests.UserTestsAP.tc01_createUser" duration-ms="2571" status="PASS">
          <reporter-output>
          </reporter-output>
        </test-method> <!-- tc06_getUserByName_exists -->
        <test-method signature="tc08_updateUser()[pri:8, instance:petstore.tests.UserTestsAP@4d0d9fe7]" started-at="2026-03-31T13:10:33 IST" name="tc08_updateUser" description="TC08 - Update user" finished-at="2026-03-31T13:10:37 IST" depends-on-methods="petstore.tests.UserTestsAP.tc01_createUser" duration-ms="4278" status="PASS">
          <reporter-output>
          </reporter-output>
        </test-method> <!-- tc08_updateUser -->
        <test-method signature="tc09_updateUser_notFound()[pri:9, instance:petstore.tests.UserTestsAP@4d0d9fe7]" started-at="2026-03-31T13:10:37 IST" name="tc09_updateUser_notFound" description="TC09 - Update non-existent user" finished-at="2026-03-31T13:10:38 IST" duration-ms="1509" status="PASS">
          <reporter-output>
          </reporter-output>
        </test-method> <!-- tc09_updateUser_notFound -->
        <test-method signature="tc10_logoutUser()[pri:10, instance:petstore.tests.UserTestsAP@4d0d9fe7]" started-at="2026-03-31T13:10:38 IST" name="tc10_logoutUser" description="TC10 - Logout user" finished-at="2026-03-31T13:10:40 IST" depends-on-methods="petstore.tests.UserTestsAP.tc04_loginUser_validCredentials" duration-ms="1531" status="PASS">
          <reporter-output>
          </reporter-output>
        </test-method> <!-- tc10_logoutUser -->
        <test-method signature="tc11_deleteUser_exists()[pri:11, instance:petstore.tests.UserTestsAP@4d0d9fe7]" started-at="2026-03-31T13:10:40 IST" name="tc11_deleteUser_exists" description="TC11 - Delete existing user" finished-at="2026-03-31T13:10:43 IST" duration-ms="3061" status="PASS">
          <reporter-output>
          </reporter-output>
        </test-method> <!-- tc11_deleteUser_exists -->
        <test-method signature="tc12_deleteUser_notFound()[pri:12, instance:petstore.tests.UserTestsAP@4d0d9fe7]" started-at="2026-03-31T13:10:43 IST" name="tc12_deleteUser_notFound" description="TC12 - Delete non-existent user" finished-at="2026-03-31T13:10:44 IST" duration-ms="1386" status="PASS">
          <reporter-output>
          </reporter-output>
        </test-method> <!-- tc12_deleteUser_notFound -->
      </class> <!-- petstore.tests.UserTestsAP -->
    </test> <!-- UserTests -->
  </suite> <!-- Petstore Suite -->
</testng-results>
