<?xml version="1.0" encoding="UTF-8"?>
<testng-results ignored="0" total="5" passed="5" failed="0" skipped="0">
  <reporter-output>
  </reporter-output>
  <suite started-at="2026-03-30T19:44:22 IST" name="Default suite" finished-at="2026-03-30T19:44:32 IST" duration-ms="10532">
    <groups>
    </groups>
    <test started-at="2026-03-30T19:44:22 IST" name="Default test" finished-at="2026-03-30T19:44:32 IST" duration-ms="10532">
      <class name="petstore.tests.PetTests">
        <test-method is-config="true" signature="setup()[pri:0, instance:petstore.tests.PetTests@18078bef]" started-at="2026-03-30T19:44:22 IST" name="setup" finished-at="2026-03-30T19:44:22 IST" duration-ms="270" status="PASS">
          <reporter-output>
          </reporter-output>
        </test-method> <!-- setup -->
        <test-method is-config="true" signature="init()[pri:0, instance:petstore.tests.PetTests@18078bef]" started-at="2026-03-30T19:44:22 IST" name="init" finished-at="2026-03-30T19:44:22 IST" duration-ms="9" status="PASS">
          <reporter-output>
          </reporter-output>
        </test-method> <!-- init -->
        <test-method signature="testAddNewPet()[pri:1, instance:petstore.tests.PetTests@18078bef]" started-at="2026-03-30T19:44:22 IST" name="testAddNewPet" finished-at="2026-03-30T19:44:26 IST" duration-ms="3432" status="PASS">
          <reporter-output>
          </reporter-output>
        </test-method> <!-- testAddNewPet -->
        <test-method signature="testGetPetById()[pri:2, instance:petstore.tests.PetTests@18078bef]" started-at="2026-03-30T19:44:26 IST" name="testGetPetById" finished-at="2026-03-30T19:44:27 IST" duration-ms="1687" status="PASS">
          <reporter-output>
          </reporter-output>
        </test-method> <!-- testGetPetById -->
        <test-method signature="testUpdateExistingPet()[pri:3, instance:petstore.tests.PetTests@18078bef]" started-at="2026-03-30T19:44:27 IST" name="testUpdateExistingPet" finished-at="2026-03-30T19:44:29 IST" duration-ms="1913" status="PASS">
          <reporter-output>
          </reporter-output>
        </test-method> <!-- testUpdateExistingPet -->
        <test-method signature="testDeletePet()[pri:4, instance:petstore.tests.PetTests@18078bef]" started-at="2026-03-30T19:44:29 IST" name="testDeletePet" finished-at="2026-03-30T19:44:31 IST" duration-ms="1597" status="PASS">
          <reporter-output>
          </reporter-output>
        </test-method> <!-- testDeletePet -->
        <test-method signature="testVerifyPetIsDeleted()[pri:5, instance:petstore.tests.PetTests@18078bef]" started-at="2026-03-30T19:44:31 IST" name="testVerifyPetIsDeleted" finished-at="2026-03-30T19:44:32 IST" duration-ms="1592" status="PASS">
          <reporter-output>
          </reporter-output>
        </test-method> <!-- testVerifyPetIsDeleted -->
      </class> <!-- petstore.tests.PetTests -->
    </test> <!-- Default test -->
  </suite> <!-- Default suite -->
</testng-results>
