<?xml version="1.0" encoding="UTF-8"?>
<testng-results ignored="0" total="7" passed="7" failed="0" skipped="0">
  <reporter-output>
  </reporter-output>
  <suite started-at="2026-03-26T11:45:22 IST" name="RedBus Train Automation Suite" finished-at="2026-03-26T11:47:59 IST" duration-ms="156801">
    <groups>
      <group name="cucumber">
        <method signature="AbstractTestNGCucumberTests.runScenario(io.cucumber.testng.PickleWrapper,io.cucumber.testng.FeatureWrapper)[pri:0, instance:runner.SearchTestRunner@710f4dc7]" name="runScenario" class="io.cucumber.testng.AbstractTestNGCucumberTests"/>
        <method signature="AbstractTestNGCucumberTests.runScenario(io.cucumber.testng.PickleWrapper,io.cucumber.testng.FeatureWrapper)[pri:0, instance:runner.AvailabilityTestRunner@757277dc]" name="runScenario" class="io.cucumber.testng.AbstractTestNGCucumberTests"/>
      </group> <!-- cucumber -->
    </groups>
    <test started-at="2026-03-26T11:45:22 IST" name="Train Search Tests" finished-at="2026-03-26T11:47:59 IST" duration-ms="156801">
      <class name="runner.SearchTestRunner">
        <test-method is-config="true" signature="setUpClass(org.testng.ITestContext)[pri:0, instance:runner.SearchTestRunner@710f4dc7]" started-at="2026-03-26T11:45:22 IST" name="setUpClass" finished-at="2026-03-26T11:45:24 IST" duration-ms="1579" status="PASS">
          <params>
            <param index="0">
              <value>
                <![CDATA[org.testng.TestRunner@74455848]]>
              </value>
            </param>
          </params>
          <reporter-output>
          </reporter-output>
        </test-method> <!-- setUpClass -->
        <test-method signature="runScenario(io.cucumber.testng.PickleWrapper,io.cucumber.testng.FeatureWrapper)[pri:0, instance:runner.SearchTestRunner@710f4dc7]" started-at="2026-03-26T11:45:24 IST" name="runScenario" description="Runs Cucumber Scenarios" data-provider="scenarios" finished-at="2026-03-26T11:47:58 IST" duration-ms="154425" status="PASS">
          <params>
            <param index="0">
              <value>
                <![CDATA["Search with invalid input keeps Check Status button disabled"]]>
              </value>
            </param>
            <param index="1">
              <value>
                <![CDATA["Live Train Running Status on RedBus"]]>
              </value>
            </param>
          </params>
          <reporter-output>
          </reporter-output>
        </test-method> <!-- runScenario -->
        <test-method signature="runScenario(io.cucumber.testng.PickleWrapper,io.cucumber.testng.FeatureWrapper)[pri:0, instance:runner.SearchTestRunner@710f4dc7]" started-at="2026-03-26T11:45:24 IST" name="runScenario" description="Runs Cucumber Scenarios" data-provider="scenarios" finished-at="2026-03-26T11:47:58 IST" duration-ms="154183" status="PASS">
          <params>
            <param index="0">
              <value>
                <![CDATA["Search with valid train input and verify details page opens"]]>
              </value>
            </param>
            <param index="1">
              <value>
                <![CDATA["Live Train Running Status on RedBus"]]>
              </value>
            </param>
          </params>
          <reporter-output>
          </reporter-output>
        </test-method> <!-- runScenario -->
        <test-method signature="runScenario(io.cucumber.testng.PickleWrapper,io.cucumber.testng.FeatureWrapper)[pri:0, instance:runner.SearchTestRunner@710f4dc7]" started-at="2026-03-26T11:45:24 IST" name="runScenario" description="Runs Cucumber Scenarios" data-provider="scenarios" finished-at="2026-03-26T11:47:58 IST" duration-ms="153890" status="PASS">
          <params>
            <param index="0">
              <value>
                <![CDATA["Search with invalid input keeps Check Status button disabled"]]>
              </value>
            </param>
            <param index="1">
              <value>
                <![CDATA["Live Train Running Status on RedBus"]]>
              </value>
            </param>
          </params>
          <reporter-output>
          </reporter-output>
        </test-method> <!-- runScenario -->
        <test-method signature="runScenario(io.cucumber.testng.PickleWrapper,io.cucumber.testng.FeatureWrapper)[pri:0, instance:runner.SearchTestRunner@710f4dc7]" started-at="2026-03-26T11:45:24 IST" name="runScenario" description="Runs Cucumber Scenarios" data-provider="scenarios" finished-at="2026-03-26T11:47:56 IST" duration-ms="152217" status="PASS">
          <params>
            <param index="0">
              <value>
                <![CDATA["Search with valid train input and verify details page opens"]]>
              </value>
            </param>
            <param index="1">
              <value>
                <![CDATA["Live Train Running Status on RedBus"]]>
              </value>
            </param>
          </params>
          <reporter-output>
          </reporter-output>
        </test-method> <!-- runScenario -->
        <test-method signature="runScenario(io.cucumber.testng.PickleWrapper,io.cucumber.testng.FeatureWrapper)[pri:0, instance:runner.SearchTestRunner@710f4dc7]" started-at="2026-03-26T11:45:24 IST" name="runScenario" description="Runs Cucumber Scenarios" data-provider="scenarios" finished-at="2026-03-26T11:47:58 IST" duration-ms="154184" status="PASS">
          <params>
            <param index="0">
              <value>
                <![CDATA["Search with valid train input and verify details page opens"]]>
              </value>
            </param>
            <param index="1">
              <value>
                <![CDATA["Live Train Running Status on RedBus"]]>
              </value>
            </param>
          </params>
          <reporter-output>
          </reporter-output>
        </test-method> <!-- runScenario -->
        <test-method signature="runScenario(io.cucumber.testng.PickleWrapper,io.cucumber.testng.FeatureWrapper)[pri:0, instance:runner.SearchTestRunner@710f4dc7]" started-at="2026-03-26T11:45:24 IST" name="runScenario" description="Runs Cucumber Scenarios" data-provider="scenarios" finished-at="2026-03-26T11:47:59 IST" duration-ms="154980" status="PASS">
          <params>
            <param index="0">
              <value>
                <![CDATA["Search with valid train input and verify details page opens"]]>
              </value>
            </param>
            <param index="1">
              <value>
                <![CDATA["Live Train Running Status on RedBus"]]>
              </value>
            </param>
          </params>
          <reporter-output>
          </reporter-output>
        </test-method> <!-- runScenario -->
        <test-method is-config="true" signature="tearDownClass()[pri:0, instance:runner.SearchTestRunner@710f4dc7]" started-at="2026-03-26T11:47:59 IST" name="tearDownClass" finished-at="2026-03-26T11:47:59 IST" duration-ms="137" status="PASS">
          <reporter-output>
          </reporter-output>
        </test-method> <!-- tearDownClass -->
      </class> <!-- runner.SearchTestRunner -->
    </test> <!-- Train Search Tests -->
    <test started-at="2026-03-26T11:45:22 IST" name="Seat Availability Tests" finished-at="2026-03-26T11:47:59 IST" duration-ms="156801">
      <class name="runner.AvailabilityTestRunner">
        <test-method is-config="true" signature="setUpClass(org.testng.ITestContext)[pri:0, instance:runner.AvailabilityTestRunner@757277dc]" started-at="2026-03-26T11:45:22 IST" name="setUpClass" finished-at="2026-03-26T11:45:24 IST" duration-ms="1557" status="PASS">
          <params>
            <param index="0">
              <value>
                <![CDATA[org.testng.TestRunner@e7edb54]]>
              </value>
            </param>
          </params>
          <reporter-output>
          </reporter-output>
        </test-method> <!-- setUpClass -->
        <test-method signature="runScenario(io.cucumber.testng.PickleWrapper,io.cucumber.testng.FeatureWrapper)[pri:0, instance:runner.AvailabilityTestRunner@757277dc]" started-at="2026-03-26T11:45:24 IST" name="runScenario" description="Runs Cucumber Scenarios" data-provider="scenarios" finished-at="2026-03-26T11:47:59 IST" duration-ms="154971" status="PASS">
          <params>
            <param index="0">
              <value>
                <![CDATA["Check seat availability from Top 10 trains list"]]>
              </value>
            </param>
            <param index="1">
              <value>
                <![CDATA["Live Train Running Status on RedBus"]]>
              </value>
            </param>
          </params>
          <reporter-output>
          </reporter-output>
        </test-method> <!-- runScenario -->
        <test-method is-config="true" signature="tearDownClass()[pri:0, instance:runner.AvailabilityTestRunner@757277dc]" started-at="2026-03-26T11:47:59 IST" name="tearDownClass" finished-at="2026-03-26T11:47:59 IST" duration-ms="147" status="PASS">
          <reporter-output>
          </reporter-output>
        </test-method> <!-- tearDownClass -->
      </class> <!-- runner.AvailabilityTestRunner -->
    </test> <!-- Seat Availability Tests -->
  </suite> <!-- RedBus Train Automation Suite -->
</testng-results>
