<?xml version="1.0" encoding="UTF-8"?>
<!-- Generated by org.testng.reporters.JUnitReportReporter -->
<testsuite hostname="RITAM2003" failures="0" tests="4" name="petstore.store.StoreTests" time="9.793" errors="0" timestamp="2026-03-30T12:18:35 IST" skipped="0">
  <testcase classname="petstore.store.StoreTests" name="testPlaceOrder" time="5.178"/>
  <testcase classname="petstore.store.StoreTests" name="testGetOrderById" time="1.350"/>
  <testcase classname="petstore.store.StoreTests" name="testGetInventory" time="1.456"/>
  <testcase classname="petstore.store.StoreTests" name="testDeleteOrder" time="1.809"/>
</testsuite> <!-- petstore.store.StoreTests -->
