<?xml version="1.0" encoding="UTF-8"?>
<!-- Generated by org.testng.reporters.JUnitReportReporter -->
<testsuite hostname="DESKTOP-QQNR5A8" failures="0" tests="8" name="tests.UserTests" time="18.596" errors="0" timestamp="2026-03-30T11:50:55 IST" skipped="0">
  <testcase classname="tests.UserTests" name="createUsersWithArray" time="1.635"/>
  <testcase classname="tests.UserTests" name="loginUser" time="1.622"/>
  <testcase classname="tests.UserTests" name="updateUser" time="1.577"/>
  <testcase classname="tests.UserTests" name="createUser" time="6.051"/>
  <testcase classname="tests.UserTests" name="createUsersWithList" time="1.595"/>
  <testcase classname="tests.UserTests" name="getUser" time="3.006"/>
  <testcase classname="tests.UserTests" name="logoutUser" time="1.580"/>
  <testcase classname="tests.UserTests" name="deleteUser" time="1.530"/>
</testsuite> <!-- tests.UserTests -->
